[LOG] System::create                           : Header version = 2.02.26. Current version = 2.02.26.
[LOG] Manager::init                            : maxchannels = 256 studioflags = 00000006 flags 00000000 extradriverdata 0000000000000000.
[LOG] SystemI::init                            : Initialize version=20226 (148250), maxchannels=256, flags=0x00020000
[LOG] SystemI::setOutputInternal               : Setting output to 'FMOD WASAPI Output'
[LOG] OutputWASAPI::init                       : Mix Format (WAVEFORMATEX): wFormatTag=0xFFFE, nChannels=2, nSamplesPerSec=44100, nAvgBytesPerSec=352800, nBlockAlign=8, wBitsPerSample=32, cbSize=22.
[LOG] OutputWASAPI::init                       : Mix Format (WAVEFORMATEXTENSIBLE): wValidBitsPerSample=32, dwChannelMask=0x00000003, SubFormat=00000003-0000-0010-8000-00AA00389B71.
[LOG] OutputWASAPI::init                       : Output buffer size: 3760 samples, latency: 0.00ms, period: 10.00ms, DSP buffer: 1024 * 4
[LOG] SystemI::init                            : Output requires a sample rate of 44100Hz, resampling will occur.
[LOG] Thread::initThread                       : Init FMOD stream thread. Affinity: 0x4000000000000003, Priority: 0xFFFF7FFB, Stack Size: 98304, Semaphore: No, Sleep Time: 10, Looping: Yes.
[LOG] Thread::initThread                       : Init FMOD mixer thread. Affinity: 0x4000000000000001, Priority: 0xFFFF7FFA, Stack Size: 81920, Semaphore: No, Sleep Time: 0, Looping: Yes.
[LOG] AsyncManager::init                       : manager 0000026682863E18 isAsync 0 updatePeriod 0.02
[LOG] AsyncManager::init                       : done
[LOG] PlaybackSystem::init                     : 
[LOG] Thread::initThread                       : Init FMOD Studio sample load thread. Affinity: 0x4000000000000003, Priority: 0xFFFF7FFD, Stack Size: 98304, Semaphore: No, Sleep Time: 1, Looping: No.
[LOG] PlaybackSystem::init                     : done
[LOG] Thread::initThread                       : Init FMOD Studio bank load thread. Affinity: 0x4000000000000003, Priority: 0xFFFF7FFD, Stack Size: 98304, Semaphore: No, Sleep Time: 1, Looping: No.
[LOG] Manager::init                            : done.
[LOG] Manager::readBank                        : fileversion = 142, compatVersion = 140 (oldest = 44, newest = 142)
[LOG] Manager::readBank                        : fileversion = 142, compatVersion = 140 (oldest = 44, newest = 142)
[LOG] PlaybackSystem::acquireMasterBus         : Setting master channel group format to 6
[LOG] SystemI::createSoundInternal             : Create name='', mode=0x02000202
[LOG] SystemI::createSoundInternal             : exinfo->cbsize             = 224
[LOG] SystemI::createSoundInternal             : exinfo->length             = 874272
[LOG] SystemI::createSoundInternal             : exinfo->fileoffset         = 24896
[LOG] SystemI::createSoundInternal             : exinfo->numsubsounds       = 1
[LOG] SystemI::createSoundInternal             : exinfo->inclusionlist      = 000000B80238F078
[LOG] SystemI::createSoundInternal             : exinfo->inclusionlistnum   = 1
[LOG] SystemI::createSoundInternal             : exinfo->suggestedsoundtype = 5
[LOG] SystemI::createSoundInternal             : exinfo->useropen           = 00007FFFADD95B90
[LOG] SystemI::createSoundInternal             : exinfo->userclose          = 00007FFFADD95B50
[LOG] SystemI::createSoundInternal             : exinfo->userread           = 00007FFFADD95C70
[LOG] SystemI::createSoundInternal             : exinfo->userseek           = 00007FFFADD95D30
[LOG] SystemI::createSoundInternal             : exinfo->fileuserdata       = 0000026971ADA928
[LOG] SystemI::createSoundInternal             : exinfo->initialseekpostype = 1
[LOG] SystemI::DSPCodecPoolRegister            : register codec pool for pool type 5
[LOG] SystemI::createSoundInternal             : Sample 0/1: name='Animals, Cat Domestic, Meow, High, Short 05 SND70238 2', format=5, channels=2, frequency=48000, lengthbytes=9184, lengthpcm=46410, pcmblocksize=0, loopstart=0, loopend=0, mode=0x00000000, channelmask=0x00000000, channelorder=0, peakvolume=0.222607.
[LOG] SystemI::createSoundInternal             : Create name='', mode=0x02000202
[LOG] SystemI::createSoundInternal             : exinfo->cbsize             = 224
[LOG] SystemI::createSoundInternal             : exinfo->length             = 874272
[LOG] SystemI::createSoundInternal             : exinfo->fileoffset         = 24896
[LOG] SystemI::createSoundInternal             : exinfo->numsubsounds       = 1
[LOG] SystemI::createSoundInternal             : exinfo->inclusionlist      = 000000B80238F078
[LOG] SystemI::createSoundInternal             : exinfo->inclusionlistnum   = 1
[LOG] SystemI::createSoundInternal             : exinfo->suggestedsoundtype = 5
[LOG] SystemI::createSoundInternal             : exinfo->useropen           = 00007FFFADD95B90
[LOG] SystemI::createSoundInternal             : exinfo->userclose          = 00007FFFADD95B50
[LOG] SystemI::createSoundInternal             : exinfo->userread           = 00007FFFADD95C70
[LOG] SystemI::createSoundInternal             : exinfo->userseek           = 00007FFFADD95D30
[LOG] SystemI::createSoundInternal             : exinfo->fileuserdata       = 0000026971ADA928
[LOG] SystemI::createSoundInternal             : exinfo->initialseekpostype = 1
[LOG] SystemI::DSPCodecPoolRegister            : register codec pool for pool type 5
[LOG] SystemI::createSoundInternal             : Sample 0/1: name='Animals, Cat Domestic, Meow, High, Short 01 SND70242 1', format=5, channels=2, frequency=48000, lengthbytes=8992, lengthpcm=47067, pcmblocksize=0, loopstart=0, loopend=0, mode=0x00000000, channelmask=0x00000000, channelorder=0, peakvolume=0.202427.
[LOG] SystemI::createSoundInternal             : Create name='', mode=0x02000202
[LOG] SystemI::createSoundInternal             : exinfo->cbsize             = 224
[LOG] SystemI::createSoundInternal             : exinfo->length             = 874272
[LOG] SystemI::createSoundInternal             : exinfo->fileoffset         = 24896
[LOG] SystemI::createSoundInternal             : exinfo->numsubsounds       = 1
[LOG] SystemI::createSoundInternal             : exinfo->inclusionlist      = 000000B80238F078
[LOG] SystemI::createSoundInternal             : exinfo->inclusionlistnum   = 1
[LOG] SystemI::createSoundInternal             : exinfo->suggestedsoundtype = 5
[LOG] SystemI::createSoundInternal             : exinfo->useropen           = 00007FFFADD95B90
[LOG] SystemI::createSoundInternal             : exinfo->userclose          = 00007FFFADD95B50
[LOG] SystemI::createSoundInternal             : exinfo->userread           = 00007FFFADD95C70
[LOG] SystemI::createSoundInternal             : exinfo->userseek           = 00007FFFADD95D30
[LOG] SystemI::createSoundInternal             : exinfo->fileuserdata       = 0000026971ADA928
[LOG] SystemI::createSoundInternal             : exinfo->initialseekpostype = 1
[LOG] SystemI::DSPCodecPoolRegister            : register codec pool for pool type 5
[LOG] SystemI::createSoundInternal             : Sample 0/1: name='Animals, Cat Domestic, Meow, High, Short 03 SND70240 1', format=5, channels=2, frequency=48000, lengthbytes=8896, lengthpcm=51616, pcmblocksize=0, loopstart=0, loopend=0, mode=0x00000000, channelmask=0x00000000, channelorder=0, peakvolume=0.207557.
[LOG] SystemI::createSoundInternal             : Create name='', mode=0x02000202
[LOG] SystemI::createSoundInternal             : exinfo->cbsize             = 224
[LOG] SystemI::createSoundInternal             : exinfo->length             = 874272
[LOG] SystemI::createSoundInternal             : exinfo->fileoffset         = 24896
[LOG] SystemI::createSoundInternal             : exinfo->numsubsounds       = 1
[LOG] SystemI::createSoundInternal             : exinfo->inclusionlist      = 000000B80238F078
[LOG] SystemI::createSoundInternal             : exinfo->inclusionlistnum   = 1
[LOG] SystemI::createSoundInternal             : exinfo->suggestedsoundtype = 5
[LOG] SystemI::createSoundInternal             : exinfo->useropen           = 00007FFFADD95B90
[LOG] SystemI::createSoundInternal             : exinfo->userclose          = 00007FFFADD95B50
[LOG] SystemI::createSoundInternal             : exinfo->userread           = 00007FFFADD95C70
[LOG] SystemI::createSoundInternal             : exinfo->userseek           = 00007FFFADD95D30
[LOG] SystemI::createSoundInternal             : exinfo->fileuserdata       = 0000026971ADA928
[LOG] SystemI::createSoundInternal             : exinfo->initialseekpostype = 1
[LOG] SystemI::DSPCodecPoolRegister            : register codec pool for pool type 5
[LOG] SystemI::createSoundInternal             : Sample 0/1: name='Animals, Cat Domestic, Meow, High, Short 05 SND70238', format=5, channels=2, frequency=48000, lengthbytes=6560, lengthpcm=38873, pcmblocksize=0, loopstart=0, loopend=0, mode=0x00000000, channelmask=0x00000000, channelorder=0, peakvolume=0.245847.
[LOG] SystemI::createSoundInternal             : Create name='', mode=0x02000202
[LOG] SystemI::createSoundInternal             : exinfo->cbsize             = 224
[LOG] SystemI::createSoundInternal             : exinfo->length             = 874272
[LOG] SystemI::createSoundInternal             : exinfo->fileoffset         = 24896
[LOG] SystemI::createSoundInternal             : exinfo->numsubsounds       = 1
[LOG] SystemI::createSoundInternal             : exinfo->inclusionlist      = 000000B80238F078
[LOG] SystemI::createSoundInternal             : exinfo->inclusionlistnum   = 1
[LOG] SystemI::createSoundInternal             : exinfo->suggestedsoundtype = 5
[LOG] SystemI::createSoundInternal             : exinfo->useropen           = 00007FFFADD95B90
[LOG] SystemI::createSoundInternal             : exinfo->userclose          = 00007FFFADD95B50
[LOG] SystemI::createSoundInternal             : exinfo->userread           = 00007FFFADD95C70
[LOG] SystemI::createSoundInternal             : exinfo->userseek           = 00007FFFADD95D30
[LOG] SystemI::createSoundInternal             : exinfo->fileuserdata       = 0000026971ADA928
[LOG] SystemI::createSoundInternal             : exinfo->initialseekpostype = 1
[LOG] SystemI::DSPCodecPoolRegister            : register codec pool for pool type 5
[LOG] SystemI::createSoundInternal             : Sample 0/1: name='Animals, Cat Domestic, Meow, High, Short 04 SND70239 1', format=5, channels=2, frequency=48000, lengthbytes=8832, lengthpcm=46936, pcmblocksize=0, loopstart=0, loopend=0, mode=0x00000000, channelmask=0x00000000, channelorder=0, peakvolume=0.212010.
[LOG] SystemI::createSoundInternal             : Create name='', mode=0x02000202
[LOG] SystemI::createSoundInternal             : exinfo->cbsize             = 224
[LOG] SystemI::createSoundInternal             : exinfo->length             = 874272
[LOG] SystemI::createSoundInternal             : exinfo->fileoffset         = 24896
[LOG] SystemI::createSoundInternal             : exinfo->numsubsounds       = 1
[LOG] SystemI::createSoundInternal             : exinfo->inclusionlist      = 000000B80238F078
[LOG] SystemI::createSoundInternal             : exinfo->inclusionlistnum   = 1
[LOG] SystemI::createSoundInternal             : exinfo->suggestedsoundtype = 5
[LOG] SystemI::createSoundInternal             : exinfo->useropen           = 00007FFFADD95B90
[LOG] SystemI::createSoundInternal             : exinfo->userclose          = 00007FFFADD95B50
[LOG] SystemI::createSoundInternal             : exinfo->userread           = 00007FFFADD95C70
[LOG] SystemI::createSoundInternal             : exinfo->userseek           = 00007FFFADD95D30
[LOG] SystemI::createSoundInternal             : exinfo->fileuserdata       = 0000026971ADA928
[LOG] SystemI::createSoundInternal             : exinfo->initialseekpostype = 1
[LOG] SystemI::DSPCodecPoolRegister            : register codec pool for pool type 5
[LOG] SystemI::createSoundInternal             : Sample 0/1: name='Animals, Cat Domestic, Meow, High, Short 01 SND70242 3', format=5, channels=2, frequency=48000, lengthbytes=9472, lengthpcm=45557, pcmblocksize=0, loopstart=0, loopend=0, mode=0x00000000, channelmask=0x00000000, channelorder=0, peakvolume=0.331969.
[LOG] SystemI::createSoundInternal             : Create name='', mode=0x02000202
[LOG] SystemI::createSoundInternal             : exinfo->cbsize             = 224
[LOG] SystemI::createSoundInternal             : exinfo->length             = 874272
[LOG] SystemI::createSoundInternal             : exinfo->fileoffset         = 24896
[LOG] SystemI::createSoundInternal             : exinfo->numsubsounds       = 1
[LOG] SystemI::createSoundInternal             : exinfo->inclusionlist      = 000000B80238F078
[LOG] SystemI::createSoundInternal             : exinfo->inclusionlistnum   = 1
[LOG] SystemI::createSoundInternal             : exinfo->suggestedsoundtype = 5
[LOG] SystemI::createSoundInternal             : exinfo->useropen           = 00007FFFADD95B90
[LOG] SystemI::createSoundInternal             : exinfo->userclose          = 00007FFFADD95B50
[LOG] SystemI::createSoundInternal             : exinfo->userread           = 00007FFFADD95C70
[LOG] SystemI::createSoundInternal             : exinfo->userseek           = 00007FFFADD95D30
[LOG] SystemI::createSoundInternal             : exinfo->fileuserdata       = 0000026971ADA928
[LOG] SystemI::createSoundInternal             : exinfo->initialseekpostype = 1
[LOG] SystemI::DSPCodecPoolRegister            : register codec pool for pool type 5
[LOG] SystemI::createSoundInternal             : Sample 0/1: name='Animals, Cat Domestic, Meow, High, Short 02 SND70241 1', format=5, channels=2, frequency=48000, lengthbytes=9376, lengthpcm=51537, pcmblocksize=0, loopstart=0, loopend=0, mode=0x00000000, channelmask=0x00000000, channelorder=0, peakvolume=0.214867.
[LOG] SystemI::createSoundInternal             : Create name='', mode=0x02000202
[LOG] SystemI::createSoundInternal             : exinfo->cbsize             = 224
[LOG] SystemI::createSoundInternal             : exinfo->length             = 874272
[LOG] SystemI::createSoundInternal             : exinfo->fileoffset         = 24896
[LOG] SystemI::createSoundInternal             : exinfo->numsubsounds       = 1
[LOG] SystemI::createSoundInternal             : exinfo->inclusionlist      = 000000B80238F078
[LOG] SystemI::createSoundInternal             : exinfo->inclusionlistnum   = 1
[LOG] SystemI::createSoundInternal             : exinfo->suggestedsoundtype = 5
[LOG] SystemI::createSoundInternal             : exinfo->useropen           = 00007FFFADD95B90
[LOG] SystemI::createSoundInternal             : exinfo->userclose          = 00007FFFADD95B50
[LOG] SystemI::createSoundInternal             : exinfo->userread           = 00007FFFADD95C70
[LOG] SystemI::createSoundInternal             : exinfo->userseek           = 00007FFFADD95D30
[LOG] SystemI::createSoundInternal             : exinfo->fileuserdata       = 0000026971ADA928
[LOG] SystemI::createSoundInternal             : exinfo->initialseekpostype = 1
[LOG] SystemI::DSPCodecPoolRegister            : register codec pool for pool type 5
[LOG] SystemI::createSoundInternal             : Sample 0/1: name='Animals, Cat Domestic, Meow, High, Short 01 SND70242 4', format=5, channels=2, frequency=48000, lengthbytes=10912, lengthpcm=51170, pcmblocksize=0, loopstart=0, loopend=0, mode=0x00000000, channelmask=0x00000000, channelorder=0, peakvolume=0.266285.
[LOG] SystemI::createSoundInternal             : Create name='', mode=0x02000202
[LOG] SystemI::createSoundInternal             : exinfo->cbsize             = 224
[LOG] SystemI::createSoundInternal             : exinfo->length             = 874272
[LOG] SystemI::createSoundInternal             : exinfo->fileoffset         = 24896
[LOG] SystemI::createSoundInternal             : exinfo->numsubsounds       = 1
[LOG] SystemI::createSoundInternal             : exinfo->inclusionlist      = 000000B80238F078
[LOG] SystemI::createSoundInternal             : exinfo->inclusionlistnum   = 1
[LOG] SystemI::createSoundInternal             : exinfo->suggestedsoundtype = 5
[LOG] SystemI::createSoundInternal             : exinfo->useropen           = 00007FFFADD95B90
[LOG] SystemI::createSoundInternal             : exinfo->userclose          = 00007FFFADD95B50
[LOG] SystemI::createSoundInternal             : exinfo->userread           = 00007FFFADD95C70
[LOG] SystemI::createSoundInternal             : exinfo->userseek           = 00007FFFADD95D30
[LOG] SystemI::createSoundInternal             : exinfo->fileuserdata       = 0000026971ADA928
[LOG] SystemI::createSoundInternal             : exinfo->initialseekpostype = 1
[LOG] SystemI::DSPCodecPoolRegister            : register codec pool for pool type 5
[LOG] SystemI::createSoundInternal             : Sample 0/1: name='Animals, Cat Domestic, Meow, High, Short 02 SND70241', format=5, channels=2, frequency=48000, lengthbytes=8608, lengthpcm=43637, pcmblocksize=0, loopstart=0, loopend=0, mode=0x00000000, channelmask=0x00000000, channelorder=0, peakvolume=0.392692.
[LOG] SystemI::createSoundInternal             : Create name='', mode=0x02000202
[LOG] SystemI::createSoundInternal             : exinfo->cbsize             = 224
[LOG] SystemI::createSoundInternal             : exinfo->length             = 874272
[LOG] SystemI::createSoundInternal             : exinfo->fileoffset         = 24896
[LOG] SystemI::createSoundInternal             : exinfo->numsubsounds       = 1
[LOG] SystemI::createSoundInternal             : exinfo->inclusionlist      = 000000B80238F078
[LOG] SystemI::createSoundInternal             : exinfo->inclusionlistnum   = 1
[LOG] SystemI::createSoundInternal             : exinfo->suggestedsoundtype = 5
[LOG] SystemI::createSoundInternal             : exinfo->useropen           = 00007FFFADD95B90
[LOG] SystemI::createSoundInternal             : exinfo->userclose          = 00007FFFADD95B50
[LOG] SystemI::createSoundInternal             : exinfo->userread           = 00007FFFADD95C70
[LOG] SystemI::createSoundInternal             : exinfo->userseek           = 00007FFFADD95D30
[LOG] SystemI::createSoundInternal             : exinfo->fileuserdata       = 0000026971ADA928
[LOG] SystemI::createSoundInternal             : exinfo->initialseekpostype = 1
[LOG] SystemI::DSPCodecPoolRegister            : register codec pool for pool type 5
[LOG] SystemI::createSoundInternal             : Sample 0/1: name='Animals, Cat Domestic, Meow, High, Short 05 SND70238 1', format=5, channels=2, frequency=48000, lengthbytes=8064, lengthpcm=47164, pcmblocksize=0, loopstart=0, loopend=0, mode=0x00000000, channelmask=0x00000000, channelorder=0, peakvolume=0.191758.
[LOG] SystemI::createSoundInternal             : Create name='', mode=0x02000202
[LOG] SystemI::createSoundInternal             : exinfo->cbsize             = 224
[LOG] SystemI::createSoundInternal             : exinfo->length             = 874272
[LOG] SystemI::createSoundInternal             : exinfo->fileoffset         = 24896
[LOG] SystemI::createSoundInternal             : exinfo->numsubsounds       = 1
[LOG] SystemI::createSoundInternal             : exinfo->inclusionlist      = 000000B80238F078
[LOG] SystemI::createSoundInternal             : exinfo->inclusionlistnum   = 1
[LOG] SystemI::createSoundInternal             : exinfo->suggestedsoundtype = 5
[LOG] SystemI::createSoundInternal             : exinfo->useropen           = 00007FFFADD95B90
[LOG] SystemI::createSoundInternal             : exinfo->userclose          = 00007FFFADD95B50
[LOG] SystemI::createSoundInternal             : exinfo->userread           = 00007FFFADD95C70
[LOG] SystemI::createSoundInternal             : exinfo->userseek           = 00007FFFADD95D30
[LOG] SystemI::createSoundInternal             : exinfo->fileuserdata       = 0000026971ADA928
[LOG] SystemI::createSoundInternal             : exinfo->initialseekpostype = 1
[LOG] SystemI::DSPCodecPoolRegister            : register codec pool for pool type 5
[LOG] SystemI::createSoundInternal             : Sample 0/1: name='Animals, Cat Domestic, Meow, High, Short 01 SND70242 2', format=5, channels=2, frequency=48000, lengthbytes=6784, lengthpcm=35011, pcmblocksize=0, loopstart=0, loopend=0, mode=0x00000000, channelmask=0x00000000, channelorder=0, peakvolume=0.216836.
[LOG] SystemI::createSoundInternal             : Create name='', mode=0x02000202
[LOG] SystemI::createSoundInternal             : exinfo->cbsize             = 224
[LOG] SystemI::createSoundInternal             : exinfo->length             = 874272
[LOG] SystemI::createSoundInternal             : exinfo->fileoffset         = 24896
[LOG] SystemI::createSoundInternal             : exinfo->numsubsounds       = 1
[LOG] SystemI::createSoundInternal             : exinfo->inclusionlist      = 000000B80238F078
[LOG] SystemI::createSoundInternal             : exinfo->inclusionlistnum   = 1
[LOG] SystemI::createSoundInternal             : exinfo->suggestedsoundtype = 5
[LOG] SystemI::createSoundInternal             : exinfo->useropen           = 00007FFFADD95B90
[LOG] SystemI::createSoundInternal             : exinfo->userclose          = 00007FFFADD95B50
[LOG] SystemI::createSoundInternal             : exinfo->userread           = 00007FFFADD95C70
[LOG] SystemI::createSoundInternal             : exinfo->userseek           = 00007FFFADD95D30
[LOG] SystemI::createSoundInternal             : exinfo->fileuserdata       = 0000026971ADA928
[LOG] SystemI::createSoundInternal             : exinfo->initialseekpostype = 1
[LOG] SystemI::DSPCodecPoolRegister            : register codec pool for pool type 5
[LOG] SystemI::createSoundInternal             : Sample 0/1: name='Animals, Cat Domestic, Meow, High, Short 04 SND70239 2', format=5, channels=2, frequency=48000, lengthbytes=8480, lengthpcm=39881, pcmblocksize=0, loopstart=0, loopend=0, mode=0x00000000, channelmask=0x00000000, channelorder=0, peakvolume=0.204599.
[LOG] SystemI::createSoundInternal             : Create name='', mode=0x02000202
[LOG] SystemI::createSoundInternal             : exinfo->cbsize             = 224
[LOG] SystemI::createSoundInternal             : exinfo->length             = 874272
[LOG] SystemI::createSoundInternal             : exinfo->fileoffset         = 24896
[LOG] SystemI::createSoundInternal             : exinfo->numsubsounds       = 1
[LOG] SystemI::createSoundInternal             : exinfo->inclusionlist      = 000000B80238F078
[LOG] SystemI::createSoundInternal             : exinfo->inclusionlistnum   = 1
[LOG] SystemI::createSoundInternal             : exinfo->suggestedsoundtype = 5
[LOG] SystemI::createSoundInternal             : exinfo->useropen           = 00007FFFADD95B90
[LOG] SystemI::createSoundInternal             : exinfo->userclose          = 00007FFFADD95B50
[LOG] SystemI::createSoundInternal             : exinfo->userread           = 00007FFFADD95C70
[LOG] SystemI::createSoundInternal             : exinfo->userseek           = 00007FFFADD95D30
[LOG] SystemI::createSoundInternal             : exinfo->fileuserdata       = 0000026971ADA928
[LOG] SystemI::createSoundInternal             : exinfo->initialseekpostype = 1
[LOG] SystemI::DSPCodecPoolRegister            : register codec pool for pool type 5
[LOG] SystemI::createSoundInternal             : Sample 0/1: name='Animals, Cat Domestic, Meow, High, Short 03 SND70240', format=5, channels=2, frequency=48000, lengthbytes=8096, lengthpcm=39532, pcmblocksize=0, loopstart=0, loopend=0, mode=0x00000000, channelmask=0x00000000, channelorder=0, peakvolume=0.195661.
[LOG] SystemI::createSoundInternal             : Create name='', mode=0x02000202
[LOG] SystemI::createSoundInternal             : exinfo->cbsize             = 224
[LOG] SystemI::createSoundInternal             : exinfo->length             = 874272
[LOG] SystemI::createSoundInternal             : exinfo->fileoffset         = 24896
[LOG] SystemI::createSoundInternal             : exinfo->numsubsounds       = 1
[LOG] SystemI::createSoundInternal             : exinfo->inclusionlist      = 000000B80238F078
[LOG] SystemI::createSoundInternal             : exinfo->inclusionlistnum   = 1
[LOG] SystemI::createSoundInternal             : exinfo->suggestedsoundtype = 5
[LOG] SystemI::createSoundInternal             : exinfo->useropen           = 00007FFFADD95B90
[LOG] SystemI::createSoundInternal             : exinfo->userclose          = 00007FFFADD95B50
[LOG] SystemI::createSoundInternal             : exinfo->userread           = 00007FFFADD95C70
[LOG] SystemI::createSoundInternal             : exinfo->userseek           = 00007FFFADD95D30
[LOG] SystemI::createSoundInternal             : exinfo->fileuserdata       = 0000026971ADA928
[LOG] SystemI::createSoundInternal             : exinfo->initialseekpostype = 1
[LOG] SystemI::DSPCodecPoolRegister            : register codec pool for pool type 5
[LOG] SystemI::createSoundInternal             : Sample 0/1: name='Animals, Cat Domestic, Meow, High, Short 01 SND70242', format=5, channels=2, frequency=48000, lengthbytes=9184, lengthpcm=48484, pcmblocksize=0, loopstart=0, loopend=0, mode=0x00000000, channelmask=0x00000000, channelorder=0, peakvolume=0.226327.
[LOG] SystemI::createSoundInternal             : Create name='', mode=0x02000202
[LOG] SystemI::createSoundInternal             : exinfo->cbsize             = 224
[LOG] SystemI::createSoundInternal             : exinfo->length             = 874272
[LOG] SystemI::createSoundInternal             : exinfo->fileoffset         = 24896
[LOG] SystemI::createSoundInternal             : exinfo->numsubsounds       = 1
[LOG] SystemI::createSoundInternal             : exinfo->inclusionlist      = 000000B80238F078
[LOG] SystemI::createSoundInternal             : exinfo->inclusionlistnum   = 1
[LOG] SystemI::createSoundInternal             : exinfo->suggestedsoundtype = 5
[LOG] SystemI::createSoundInternal             : exinfo->useropen           = 00007FFFADD95B90
[LOG] SystemI::createSoundInternal             : exinfo->userclose          = 00007FFFADD95B50
[LOG] SystemI::createSoundInternal             : exinfo->userread           = 00007FFFADD95C70
[LOG] SystemI::createSoundInternal             : exinfo->userseek           = 00007FFFADD95D30
[LOG] SystemI::createSoundInternal             : exinfo->fileuserdata       = 0000026971ADA928
[LOG] SystemI::createSoundInternal             : exinfo->initialseekpostype = 1
[LOG] SystemI::DSPCodecPoolRegister            : register codec pool for pool type 5
[LOG] SystemI::createSoundInternal             : Sample 0/1: name='Animals, Cat Domestic, Meow, High, Short 02 SND70241 2', format=5, channels=2, frequency=48000, lengthbytes=7840, lengthpcm=42156, pcmblocksize=0, loopstart=0, loopend=0, mode=0x00000000, channelmask=0x00000000, channelorder=0, peakvolume=0.195575.
[LOG] SystemI::createSoundInternal             : Create name='', mode=0x02000202
[LOG] SystemI::createSoundInternal             : exinfo->cbsize             = 224
[LOG] SystemI::createSoundInternal             : exinfo->length             = 874272
[LOG] SystemI::createSoundInternal             : exinfo->fileoffset         = 24896
[LOG] SystemI::createSoundInternal             : exinfo->numsubsounds       = 1
[LOG] SystemI::createSoundInternal             : exinfo->inclusionlist      = 000000B80238F078
[LOG] SystemI::createSoundInternal             : exinfo->inclusionlistnum   = 1
[LOG] SystemI::createSoundInternal             : exinfo->suggestedsoundtype = 5
[LOG] SystemI::createSoundInternal             : exinfo->useropen           = 00007FFFADD95B90
[LOG] SystemI::createSoundInternal             : exinfo->userclose          = 00007FFFADD95B50
[LOG] SystemI::createSoundInternal             : exinfo->userread           = 00007FFFADD95C70
[LOG] SystemI::createSoundInternal             : exinfo->userseek           = 00007FFFADD95D30
[LOG] SystemI::createSoundInternal             : exinfo->fileuserdata       = 0000026971ADA928
[LOG] SystemI::createSoundInternal             : exinfo->initialseekpostype = 1
[LOG] SystemI::DSPCodecPoolRegister            : register codec pool for pool type 5
[LOG] SystemI::createSoundInternal             : Sample 0/1: name='Animals, Cat Domestic, Meow, High, Short 03 SND70240 3', format=5, channels=2, frequency=48000, lengthbytes=11424, lengthpcm=56700, pcmblocksize=0, loopstart=0, loopend=0, mode=0x00000000, channelmask=0x00000000, channelorder=0, peakvolume=0.200354.
[LOG] SystemI::createSoundInternal             : Create name='', mode=0x02000202
[LOG] SystemI::createSoundInternal             : exinfo->cbsize             = 224
[LOG] SystemI::createSoundInternal             : exinfo->length             = 874272
[LOG] SystemI::createSoundInternal             : exinfo->fileoffset         = 24896
[LOG] SystemI::createSoundInternal             : exinfo->numsubsounds       = 1
[LOG] SystemI::createSoundInternal             : exinfo->inclusionlist      = 000000B80238F078
[LOG] SystemI::createSoundInternal             : exinfo->inclusionlistnum   = 1
[LOG] SystemI::createSoundInternal             : exinfo->suggestedsoundtype = 5
[LOG] SystemI::createSoundInternal             : exinfo->useropen           = 00007FFFADD95B90
[LOG] SystemI::createSoundInternal             : exinfo->userclose          = 00007FFFADD95B50
[LOG] SystemI::createSoundInternal             : exinfo->userread           = 00007FFFADD95C70
[LOG] SystemI::createSoundInternal             : exinfo->userseek           = 00007FFFADD95D30
[LOG] SystemI::createSoundInternal             : exinfo->fileuserdata       = 0000026971ADA928
[LOG] SystemI::createSoundInternal             : exinfo->initialseekpostype = 1
[LOG] SystemI::DSPCodecPoolRegister            : register codec pool for pool type 5
[LOG] SystemI::createSoundInternal             : Sample 0/1: name='Animals, Cat Domestic, Meow, High, Short 04 SND70239', format=5, channels=2, frequency=48000, lengthbytes=9312, lengthpcm=50225, pcmblocksize=0, loopstart=0, loopend=0, mode=0x00000000, channelmask=0x00000000, channelorder=0, peakvolume=0.238097.
[LOG] SystemI::createSoundInternal             : Create name='', mode=0x02000202
[LOG] SystemI::createSoundInternal             : exinfo->cbsize             = 224
[LOG] SystemI::createSoundInternal             : exinfo->length             = 874272
[LOG] SystemI::createSoundInternal             : exinfo->fileoffset         = 24896
[LOG] SystemI::createSoundInternal             : exinfo->numsubsounds       = 1
[LOG] SystemI::createSoundInternal             : exinfo->inclusionlist      = 000000B80238F078
[LOG] SystemI::createSoundInternal             : exinfo->inclusionlistnum   = 1
[LOG] SystemI::createSoundInternal             : exinfo->suggestedsoundtype = 5
[LOG] SystemI::createSoundInternal             : exinfo->useropen           = 00007FFFADD95B90
[LOG] SystemI::createSoundInternal             : exinfo->userclose          = 00007FFFADD95B50
[LOG] SystemI::createSoundInternal             : exinfo->userread           = 00007FFFADD95C70
[LOG] SystemI::createSoundInternal             : exinfo->userseek           = 00007FFFADD95D30
[LOG] SystemI::createSoundInternal             : exinfo->fileuserdata       = 0000026971ADA928
[LOG] SystemI::createSoundInternal             : exinfo->initialseekpostype = 1
[LOG] SystemI::DSPCodecPoolRegister            : register codec pool for pool type 5
[LOG] SystemI::createSoundInternal             : Sample 0/1: name='Animals, Cat Domestic, Meow, High, Short 03 SND70240 4', format=5, channels=2, frequency=48000, lengthbytes=13664, lengthpcm=62741, pcmblocksize=0, loopstart=0, loopend=0, mode=0x00000000, channelmask=0x00000000, channelorder=0, peakvolume=0.252094.
[LOG] SystemI::createSoundInternal             : Create name='', mode=0x02000202
[LOG] SystemI::createSoundInternal             : exinfo->cbsize             = 224
[LOG] SystemI::createSoundInternal             : exinfo->length             = 874272
[LOG] SystemI::createSoundInternal             : exinfo->fileoffset         = 24896
[LOG] SystemI::createSoundInternal             : exinfo->numsubsounds       = 1
[LOG] SystemI::createSoundInternal             : exinfo->inclusionlist      = 000000B80238F078
[LOG] SystemI::createSoundInternal             : exinfo->inclusionlistnum   = 1
[LOG] SystemI::createSoundInternal             : exinfo->suggestedsoundtype = 5
[LOG] SystemI::createSoundInternal             : exinfo->useropen           = 00007FFFADD95B90
[LOG] SystemI::createSoundInternal             : exinfo->userclose          = 00007FFFADD95B50
[LOG] SystemI::createSoundInternal             : exinfo->userread           = 00007FFFADD95C70
[LOG] SystemI::createSoundInternal             : exinfo->userseek           = 00007FFFADD95D30
[LOG] SystemI::createSoundInternal             : exinfo->fileuserdata       = 0000026971ADA928
[LOG] SystemI::createSoundInternal             : exinfo->initialseekpostype = 1
[LOG] SystemI::DSPCodecPoolRegister            : register codec pool for pool type 5
[LOG] SystemI::createSoundInternal             : Sample 0/1: name='Animals, Cat Domestic, Meow, High, Short 03 SND70240 2', format=5, channels=2, frequency=48000, lengthbytes=5728, lengthpcm=38384, pcmblocksize=0, loopstart=0, loopend=0, mode=0x00000000, channelmask=0x00000000, channelorder=0, peakvolume=0.265002.
[LOG] SoundI::release                          :  (00000268E52D67C8)
[LOG] SoundI::release                          :     Animals, Cat Domestic, Meow, High, Short 01 SND70242 1 (000002697A81F2C8)
[LOG] SoundI::release                          :  (00000268E52D6EF8)
[LOG] SoundI::release                          :     Animals, Cat Domestic, Meow, High, Short 01 SND70242 2 (00000268E293A098)
[LOG] SoundI::release                          :  (00000268E52D6C18)
[LOG] SoundI::release                          :     Animals, Cat Domestic, Meow, High, Short 01 SND70242 3 (000002696F36C0D8)
[LOG] SoundI::release                          :  (00000268E52D7348)
[LOG] SoundI::release                          :     Animals, Cat Domestic, Meow, High, Short 01 SND70242 4 (000002696F36C278)
[LOG] SoundI::release                          :  (000002697AAE2B28)
[LOG] SoundI::release                          :     Animals, Cat Domestic, Meow, High, Short 01 SND70242 (00000268E293ABF8)
[LOG] SoundI::release                          :  (00000268E52D7068)
[LOG] SoundI::release                          :     Animals, Cat Domestic, Meow, High, Short 02 SND70241 1 (000002696F36C758)
[LOG] SoundI::release                          :  (000002697AAE2E08)
[LOG] SoundI::release                          :     Animals, Cat Domestic, Meow, High, Short 02 SND70241 2 (00000268C0B45928)
[LOG] SoundI::release                          :  (00000268E52D6D88)
[LOG] SoundI::release                          :     Animals, Cat Domestic, Meow, High, Short 02 SND70241 (000002696F36CC38)
[LOG] SoundI::release                          :  (00000268E52D74B8)
[LOG] SoundI::release                          :     Animals, Cat Domestic, Meow, High, Short 03 SND70240 1 (000002697A81E908)
[LOG] SoundI::release                          :  (000002697AAE2C98)
[LOG] SoundI::release                          :     Animals, Cat Domestic, Meow, High, Short 03 SND70240 2 (00000268C0FD6708)
[LOG] SoundI::release                          :  (000002697AAE26D8)
[LOG] SoundI::release                          :     Animals, Cat Domestic, Meow, High, Short 03 SND70240 3 (00000268C0B45E08)
[LOG] SoundI::release                          :  (000002697AAE30E8)
[LOG] SoundI::release                          :     Animals, Cat Domestic, Meow, High, Short 03 SND70240 4 (00000268C0B45108)
[LOG] SoundI::release                          :  (000002697AAE23F8)
[LOG] SoundI::release                          :     Animals, Cat Domestic, Meow, High, Short 03 SND70240 (00000268E293A718)
[LOG] SoundI::release                          :  (00000268E52D6938)
[LOG] SoundI::release                          :     Animals, Cat Domestic, Meow, High, Short 04 SND70239 1 (000002697A81F608)
[LOG] SoundI::release                          :  (000002697AAE2848)
[LOG] SoundI::release                          :     Animals, Cat Domestic, Meow, High, Short 04 SND70239 2 (00000268E293A3D8)
[LOG] SoundI::release                          :  (000002697AAE2568)
[LOG] SoundI::release                          :     Animals, Cat Domestic, Meow, High, Short 04 SND70239 (00000268C0B45788)
[LOG] SoundI::release                          :  (00000268E52D71D8)
[LOG] SoundI::release                          :     Animals, Cat Domestic, Meow, High, Short 05 SND70238 1 (00000268E293AD98)
[LOG] SoundI::release                          :  (000002694C175338)
[LOG] SoundI::release                          :     Animals, Cat Domestic, Meow, High, Short 05 SND70238 2 (000002697A81EC48)
[LOG] SoundI::release                          :  (00000268E52D6AA8)
[LOG] SoundI::release                          :     Animals, Cat Domestic, Meow, High, Short 05 SND70238 (000002697A81F128)
[LOG] Thread::callback                         : FMOD Studio bank load thread finished.
[LOG] Thread::callback                         : FMOD Studio sample load thread finished.
[LOG] LiveUpdate::release                      : 
[LOG] LiveUpdate::reset                        : Reset connection (reason Disconnected)
[LOG] Thread::callback                         : FMOD stream thread finished.
[LOG] Thread::callback                         : FMOD mixer thread finished.
[LOG] SystemI::close                           : Closed.
